Flow report for u16
Sun Mar 26 13:27:14 2023
Quartus Prime Version 20.1.0 Build 711 06/05/2020 SJ Lite Edition


---------------------
; Table of Contents ;
---------------------
  1. Legal Notice
  2. Flow Summary
  3. Flow Settings
  4. Flow Non-Default Global Settings
  5. Flow Elapsed Time
  6. Flow OS Summary
  7. Flow Log
  8. Flow Messages
  9. Flow Suppressed Messages



----------------
; Legal Notice ;
----------------
Copyright (C) 2020  Intel Corporation. All rights reserved.
Your use of Intel Corporation's design tools, logic functions 
and other software and tools, and any partner logic 
functions, and any output files from any of the foregoing 
(including device programming or simulation files), and any 
associated documentation or information are expressly subject 
to the terms and conditions of the Intel Program License 
Subscription Agreement, the Intel Quartus Prime License Agreement,
the Intel FPGA IP License Agreement, or other applicable license
agreement, including, without limitation, that your use is for
the sole purpose of programming logic devices manufactured by
Intel and sold by Intel or its authorized distributors.  Please
refer to the applicable agreement for further details, at
https://fpgasoftware.intel.com/eula.



+----------------------------------------------------------------------------------+
; Flow Summary                                                                     ;
+------------------------------------+---------------------------------------------+
; Flow Status                        ; Flow Failed - Sun Mar 26 13:27:14 2023      ;
; Quartus Prime Version              ; 20.1.0 Build 711 06/05/2020 SJ Lite Edition ;
; Revision Name                      ; u16                                         ;
; Top-level Entity Name              ; kotku                                       ;
; Family                             ; Cyclone 10 LP                               ;
; Device                             ; 10CL025YU256C8G                             ;
; Timing Models                      ; Final                                       ;
; Total logic elements               ; N/A until Partition Merge                   ;
;     Total combinational functions  ; N/A until Partition Merge                   ;
;     Dedicated logic registers      ; N/A until Partition Merge                   ;
; Total registers                    ; N/A until Partition Merge                   ;
; Total pins                         ; N/A until Partition Merge                   ;
; Total virtual pins                 ; N/A until Partition Merge                   ;
; Total memory bits                  ; N/A until Partition Merge                   ;
; Embedded Multiplier 9-bit elements ; N/A until Partition Merge                   ;
; Total PLLs                         ; N/A until Partition Merge                   ;
+------------------------------------+---------------------------------------------+


+-----------------------------------------+
; Flow Settings                           ;
+-------------------+---------------------+
; Option            ; Setting             ;
+-------------------+---------------------+
; Start date & time ; 03/26/2023 13:26:43 ;
; Main task         ; Compilation         ;
; Revision Name     ; u16                 ;
+-------------------+---------------------+


+---------------------------------------------------------------------------------------------------------------------------------+
; Flow Non-Default Global Settings                                                                                                ;
+-----------------------------------------+----------------------------------------+---------------+-------------+----------------+
; Assignment Name                         ; Value                                  ; Default Value ; Entity Name ; Section Id     ;
+-----------------------------------------+----------------------------------------+---------------+-------------+----------------+
; ADD_PASS_THROUGH_LOGIC_TO_INFERRED_RAMS ; Off                                    ; On            ; --          ; --             ;
; ALM_REGISTER_PACKING_EFFORT             ; High                                   ; Medium        ; --          ; --             ;
; COMPILER_SIGNATURE_ID                   ; 202347984414939.167983000347356        ; --            ; --          ; --             ;
; EDA_OUTPUT_DATA_FORMAT                  ; None                                   ; --            ; --          ; eda_simulation ;
; EDA_TIME_SCALE                          ; 1 ps                                   ; --            ; --          ; eda_simulation ;
; ENABLE_ADVANCED_IO_TIMING               ; -- (Not supported for targeted family) ; --            ; --          ; --             ;
; ENABLE_CLOCK_LATENCY                    ; On                                     ; Off           ; --          ; --             ;
; ENABLE_SIGNALTAP                        ; On                                     ; --            ; --          ; --             ;
; MAX_CORE_JUNCTION_TEMP                  ; 85                                     ; --            ; --          ; --             ;
; MIN_CORE_JUNCTION_TEMP                  ; 0                                      ; --            ; --          ; --             ;
; OPTIMIZATION_MODE                       ; Aggressive Area                        ; Balanced      ; --          ; --             ;
; OUTPUT_IO_TIMING_FAR_END_VMEAS          ; Half Signal Swing                      ; --            ; --          ; --             ;
; OUTPUT_IO_TIMING_FAR_END_VMEAS          ; Half Signal Swing                      ; --            ; --          ; --             ;
; OUTPUT_IO_TIMING_NEAR_END_VMEAS         ; Half Vccio                             ; --            ; --          ; --             ;
; OUTPUT_IO_TIMING_NEAR_END_VMEAS         ; Half Vccio                             ; --            ; --          ; --             ;
; PARTITION_COLOR                         ; -- (Not supported for targeted family) ; --            ; kotku       ; Top            ;
; PARTITION_FITTER_PRESERVATION_LEVEL     ; -- (Not supported for targeted family) ; --            ; kotku       ; Top            ;
; PARTITION_NETLIST_TYPE                  ; -- (Not supported for targeted family) ; --            ; kotku       ; Top            ;
; PHYSICAL_SYNTHESIS_COMBO_LOGIC_FOR_AREA ; On                                     ; Off           ; --          ; --             ;
; POWER_BOARD_THERMAL_MODEL               ; None (CONSERVATIVE)                    ; --            ; --          ; --             ;
; POWER_PRESET_COOLING_SOLUTION           ; 23 MM HEAT SINK WITH 200 LFPM AIRFLOW  ; --            ; --          ; --             ;
; SMART_RECOMPILE                         ; On                                     ; Off           ; --          ; --             ;
; TOP_LEVEL_ENTITY                        ; kotku                                  ; u16           ; --          ; --             ;
; USE_GENERATED_PHYSICAL_CONSTRAINTS      ; Off                                    ; --            ; --          ; eda_blast_fpga ;
; USE_SIGNALTAP_FILE                      ; stp1.stp                               ; --            ; --          ; --             ;
+-----------------------------------------+----------------------------------------+---------------+-------------+----------------+


+--------------------------------------------------------------------------------------------------------------------------+
; Flow Elapsed Time                                                                                                        ;
+----------------------+--------------+-------------------------+---------------------+------------------------------------+
; Module Name          ; Elapsed Time ; Average Processors Used ; Peak Virtual Memory ; Total CPU Time (on all processors) ;
+----------------------+--------------+-------------------------+---------------------+------------------------------------+
; Analysis & Synthesis ; 00:00:31     ; 1.0                     ; 552 MB              ; 00:00:43                           ;
; Total                ; 00:00:31     ; --                      ; --                  ; 00:00:43                           ;
+----------------------+--------------+-------------------------+---------------------+------------------------------------+


+----------------------------------------------------------------------------------------+
; Flow OS Summary                                                                        ;
+----------------------+------------------+----------------+------------+----------------+
; Module Name          ; Machine Hostname ; OS Name        ; OS Version ; Processor type ;
+----------------------+------------------+----------------+------------+----------------+
; Analysis & Synthesis ; jaimexeon        ; Ubuntu 22.04.2 ; 22         ; x86_64         ;
+----------------------+------------------+----------------+------------+----------------+


------------
; Flow Log ;
------------
quartus_map --read_settings_files=on --write_settings_files=off u16 -c u16



